 Dimension       Time    Gflop/s       GB/s        Error
         2   0.796770   2.510136   3.765203 0.000000e+00
        52   0.273820   7.304100  10.956151 0.000000e+00
       102   0.267981   7.468591  11.202887 0.000000e+00
       152   0.295804   6.767085  10.150628 0.000000e+00
       202   0.307634   6.537466   9.806200 0.000000e+00
       252   0.320983   6.281885   9.422827 0.000000e+00
       302   0.372736   5.468290   8.202435 0.000000e+00
       352   0.400232   5.012732   7.519097 0.000000e+00
       402   0.420040   4.949223   7.423835 0.000000e+00
       452   0.414798   4.897809   7.346713 0.000000e+00
       502   0.404855   4.999557   7.499335 0.000000e+00
       552   0.423656   4.764149   7.146223 0.000000e+00
       602   0.461210   4.730324   7.095487 0.000000e+00
       652   0.465290   4.765504   7.148255 0.000000e+00
       702   0.460776   4.504772   6.757158 0.000000e+00
       752   0.562196   4.538551   6.807826 0.000000e+00
       802   0.435480   4.738221   7.107331 0.000000e+00
       852   0.761734   3.247697   4.871546 0.000000e+00
       902   0.843711   3.479251   5.218877 0.000000e+00
       952   1.229685   2.806576   4.209864 0.000000e+00
      1002   0.759164   2.650316   3.975474 0.000000e+00
      1052   0.826697   2.816638   4.224956 0.000000e+00
      1102   0.988256   2.708354   4.062531 0.000000e+00
      1152   1.802745   1.696106   2.544159 0.000000e+00
      1202   1.965221   1.767389   2.651083 0.000000e+00
      1252   2.184102   1.797091   2.695637 0.000000e+00
      1302   2.902835   1.520690   2.281035 0.000000e+00
      1352   4.780867   1.033840   1.550760 0.000000e+00
      1402   4.511322   1.221716   1.832574 0.000000e+00
      1452   5.564145   1.100351   1.650527 0.000000e+00
      1502   6.484816   1.045062   1.567593 0.000000e+00
      1552   4.821992   1.550525   2.325787 0.000000e+00
      1602   7.954010   1.033788   1.550682 0.000000e+00
      1652   8.314274   1.084516   1.626773 0.000000e+00
      1702  11.391307   0.865636   1.298453 0.000000e+00
      1752   9.480364   1.134507   1.701761 0.000000e+00
      1802  12.534825   0.933633   1.400449 0.000000e+00
      1852  13.010782   0.976449   1.464673 0.000000e+00
      1902  15.613723   0.881364   1.322045 0.000000e+00
      1952  14.605436   1.018486   1.527729 0.000000e+00