 Dimension       Time    Gflop/s       GB/s        Error
        32   0.309093   6.470633   6.672841 0.000000e+00
        64   0.310034   6.451408   6.653014 0.000000e+00
        96   0.311399   6.426723   6.627558 0.000000e+00
       128   0.312190   6.408539   6.608806 0.000000e+00
       160   0.311296   6.447362   6.648842 0.000000e+00
       192   0.312767   6.426901   6.627741 0.000000e+00
       224   0.311818   6.415985   6.616485 0.000000e+00
       256   0.383548   5.249060   5.413094 0.000000e+00
       288   0.313620   6.398131   6.598073 0.000000e+00
       320   0.322708   6.295533   6.492269 0.000000e+00
       352   0.315108   6.366873   6.565838 0.000000e+00
       384   0.324890   6.274221   6.470290 0.000000e+00
       416   0.316243   6.374076   6.573266 0.000000e+00
       448   0.338740   6.370569   6.569649 0.000000e+00
       480   0.346004   6.392529   6.592295 0.000000e+00
       512   0.980050   2.191197   2.259672 0.000000e+00
       544   0.351683   6.408753   6.609026 0.000000e+00
       576   0.356799   6.427252   6.628103 0.000000e+00
       608   0.349253   6.435321   6.636425 0.000000e+00
       640   0.332355   6.309979   6.507166 0.000000e+00
       672   0.379362   6.399468   6.599451 0.000000e+00
       704   0.327222   6.397744   6.597674 0.000000e+00
       736   0.377693   6.333528   6.531451 0.000000e+00
       768   0.544436   4.992156   5.148161 0.000000e+00
       800   0.323186   6.336917   6.534946 0.000000e+00
       832   0.361439   6.373743   6.572922 0.000000e+00
       864   0.406777   6.342277   6.540473 0.000000e+00
       896   0.458826   6.270993   6.466961 0.000000e+00
       928   0.504860   6.331885   6.529757 0.000000e+00
       960   0.571226   6.195344   6.388949 0.000000e+00
       992   0.623097   6.266708   6.462543 0.000000e+00
      1024   1.007871   2.130713   2.197297 0.000000e+00
      1056   0.375117   6.278488   6.474691 0.000000e+00
      1088   0.410597   6.273366   6.469409 0.000000e+00
      1120   0.446407   6.294382   6.491081 0.000000e+00
      1152   0.495298   6.173349   6.366266 0.000000e+00
      1184   0.548277   6.054598   6.243804 0.000000e+00
      1216   0.603341   5.960297   6.146556 0.000000e+00
      1248   0.624953   6.220518   6.414909 0.000000e+00
      1280   0.764815   5.484073   5.655451 0.000000e+00
      1312   0.730671   6.181721   6.374899 0.000000e+00
      1344   0.776134   6.255918   6.451416 0.000000e+00
      1376   0.837595   6.220875   6.415277 0.000000e+00
      1408   0.902206   6.187740   6.381107 0.000000e+00
      1440   0.961230   6.212842   6.406994 0.000000e+00
      1472   1.020516   6.250772   6.446109 0.000000e+00
      1504   1.091291   6.234949   6.429792 0.000000e+00
      1536   3.100927   2.337287   2.410328 0.000000e+00
      1568   1.236439   6.235850   6.430720 0.000000e+00
      1600   1.327381   6.171553   6.364414 0.000000e+00
      1632   1.394369   6.234658   6.429491 0.000000e+00
      1664   1.481627   6.219439   6.413796 0.000000e+00
      1696   1.565737   6.231444   6.426177 0.000000e+00
      1728   1.653280   6.241872   6.436930 0.000000e+00
      1760   1.748149   6.237198   6.432111 0.000000e+00
      1792   2.106176   5.464487   5.635252 0.000000e+00
      1824   1.939898   6.256415   6.451928 0.000000e+00
      1856   2.048854   6.240982   6.436013 0.000000e+00
      1888   2.156989   6.240050   6.435051 0.000000e+00
      1920   2.282740   6.201221   6.395009 0.000000e+00
      1952   2.386731   6.232554   6.427321 0.000000e+00
      1984   2.525630   6.184225   6.377482 0.000000e+00