 Dimension       Time    Gflop/s       GB/s        Error
         4   0.310936   6.432189   8.040236 0.000000e+00
        52   0.232888   8.587850  10.734813 0.000000e+00
       100   0.231951   8.631122  10.788902 0.000000e+00
       148   0.234889   8.529253  10.661566 0.000000e+00
       196   0.239673   8.356613  10.445767 0.000000e+00
       244   0.237624   8.436431  10.545539 0.000000e+00
       292   0.246292   8.289195  10.361494 0.000000e+00
       340   0.253154   8.073381  10.091726 0.000000e+00
       388   0.254709   8.255683  10.319604 0.000000e+00
       436   0.265355   8.120927  10.151158 0.000000e+00
       484   0.248782   8.203327  10.254159 0.000000e+00
       532   0.327381   6.438870   8.048587 0.000000e+00
       580   0.377593   6.200708   7.750885 0.000000e+00
       628   0.393896   6.287773   7.859717 0.000000e+00
       676   0.391639   6.310209   7.887761 0.000000e+00
       724   0.367801   6.190911   7.738639 0.000000e+00
       772   0.468293   5.895027   7.368784 0.000000e+00
       820   0.403445   5.466601   6.833251 0.000000e+00
       868   0.488223   5.357979   6.697474 0.000000e+00
       916   0.515962   5.958389   7.447987 0.000000e+00
       964   0.756181   4.738768   5.923461 0.000000e+00
      1012   0.375966   5.513447   6.891809 0.000000e+00
      1060   0.453407   5.253624   6.567030 0.000000e+00
      1108   0.551465   4.933228   6.166535 0.000000e+00
      1156   1.078756   2.864048   3.580060 0.000000e+00
      1204   0.997917   3.497960   4.372451 0.000000e+00
      1252   1.095753   3.582038   4.477547 0.000000e+00
      1300   1.352815   3.248041   4.060052 0.000000e+00
      1348   1.852678   2.644233   3.305291 0.000000e+00
      1396   2.434357   2.235126   2.793907 0.000000e+00
      1444   2.990665   2.013556   2.516946 0.000000e+00
      1492   3.495096   1.900541   2.375677 0.000000e+00
      1540   4.301150   1.698273   2.122842 0.000000e+00
      1588   4.905943   1.632522   2.040652 0.000000e+00
      1636  11.627048   0.753200   0.941500 0.000000e+00
      1684   6.240925   1.530408   1.913010 0.000000e+00
      1732   6.765715   1.535889   1.919862 0.000000e+00
      1780   8.005020   1.409054   1.761317 0.000000e+00
      1828   8.293090   1.473134   1.841417 0.000000e+00
      1876   9.148702   1.443341   1.804177 0.000000e+00
      1924   9.931064   1.434331   1.792914 0.000000e+00
      1972  10.365815   1.479610   1.849513 0.000000e+00