 Dimension       Time    Gflop/s       GB/s        Error
        64   0.350756   5.702424   5.791525 0.000000e+00
       128   0.345049   5.798265   5.888863 0.000000e+00
       192   0.343788   5.846968   5.938327 0.000000e+00
       256   0.355088   5.669774   5.758364 0.000000e+00
       320   0.347435   5.847466   5.938833 0.000000e+00
       384   0.348718   5.845504   5.936840 0.000000e+00
       448   0.369682   5.837365   5.928574 0.000000e+00
       512   0.942973   2.277354   2.312938 0.000000e+00
       576   0.393606   5.826224   5.917259 0.000000e+00
       640   0.359003   5.841595   5.932870 0.000000e+00
       704   0.358513   5.839355   5.930595 0.000000e+00
       768   0.484171   5.613526   5.701238 0.000000e+00
       832   0.395479   5.825141   5.916159 0.000000e+00
       896   0.494333   5.820560   5.911507 0.000000e+00
       960   0.607388   5.826494   5.917532 0.000000e+00
      1024   1.299093   1.653064   1.678893 0.000000e+00
      1088   0.443961   5.801923   5.892578 0.000000e+00
      1152   0.526184   5.810987   5.901783 0.000000e+00
      1216   0.621084   5.790020   5.880489 0.000000e+00
      1280   0.736142   5.697687   5.786713 0.000000e+00
      1344   0.836899   5.801693   5.892345 0.000000e+00
      1408   0.964467   5.788295   5.878737 0.000000e+00
      1472   1.104654   5.774670   5.864899 0.000000e+00
      1536   3.178808   2.280023   2.315649 0.000000e+00
      1600   1.423805   5.753597   5.843496 0.000000e+00
      1664   1.599113   5.762498   5.852537 0.000000e+00
      1728   1.792390   5.757430   5.847390 0.000000e+00
      1792   2.034911   5.655860   5.744233 0.000000e+00
      1856   2.302760   5.552840   5.639603 0.000000e+00
      1920   2.463215   5.746869   5.836664 0.000000e+00
      1984   2.712338   5.758523   5.848500 0.000000e+00