 Dimension       Time    Gflop/s       GB/s        Error
         8   0.256410   7.799997   8.774996 0.000000e+00
        56   0.233478   8.567241   9.638146 0.000000e+00
       104   0.232554   8.600203   9.675229 0.000000e+00
       152   0.233538   8.571318   9.642733 0.000000e+00
       200   0.236289   8.531920   9.598411 0.000000e+00
       248   0.234316   8.592644   9.666725 0.000000e+00
       296   0.236272   8.561656   9.631863 0.000000e+00
       344   0.242391   8.397098   9.446735 0.000000e+00
       392   0.242540   8.444117   9.499632 0.000000e+00
       440   0.244524   8.360804   9.405905 0.000000e+00
       488   0.251271   8.325108   9.365747 0.000000e+00
       536   0.323759   6.658863   7.491221 0.000000e+00
       584   0.369478   6.468920   7.277535 0.000000e+00
       632   0.315771   6.395428   7.194856 0.000000e+00
       680   0.375077   6.706513   7.544828 0.000000e+00
       728   0.347395   6.663803   7.496778 0.000000e+00
       776   0.429603   6.526326   7.342116 0.000000e+00
       824   0.359274   6.228960   7.007580 0.000000e+00
       872   0.431734   6.143178   6.911075 0.000000e+00
       920   0.503148   6.190525   6.964341 0.000000e+00
       968   0.597564   6.071577   6.830524 0.000000e+00
      1016   0.378771   5.537770   6.229992 0.000000e+00
      1064   0.400840   6.010123   6.761388 0.000000e+00
      1112   0.509821   5.394191   6.068465 0.000000e+00
      1160   0.603403   5.173646   5.820351 0.000000e+00
      1208   0.702974   5.015238   5.642143 0.000000e+00
      1256   0.880007   4.503113   5.066002 0.000000e+00
      1304   1.131355   3.919801   4.409776 0.000000e+00
      1352   1.407682   3.511199   3.950099 0.000000e+00
      1400   1.639649   3.347058   3.765441 0.000000e+00
      1448   2.106641   2.882340   3.242633 0.000000e+00
      1496   2.361453   2.835603   3.190053 0.000000e+00
      1544   2.665375   2.761935   3.107177 0.000000e+00
      1592   3.202170   2.520082   2.835093 0.000000e+00
      1640   3.606032   2.446426   2.752229 0.000000e+00
      1688   4.034014   2.384569   2.682641 0.000000e+00
      1736   4.470448   2.340605   2.633181 0.000000e+00
      1784   4.798916   2.366309   2.662098 0.000000e+00
      1832   5.215698   2.357730   2.652446 0.000000e+00
      1880  11.028418   1.205009   1.355635 0.000000e+00
      1928   6.191505   2.315021   2.604398 0.000000e+00
      1976   6.618274   2.331557   2.623002 0.000000e+00